<?xml version="1.0" encoding="UTF-8"?>
<testsuite name="com.example.api.ApiApplicationTests" tests="1" skipped="0" failures="0" errors="0" timestamp="2022-04-14T13:33:23" hostname="7047912bf88a" time="2.036">
  <properties/>
  <testcase name="contextLoads()" classname="com.example.api.ApiApplicationTests" time="2.036"/>
  <system-out><![CDATA[13:33:15.094 [Test worker] DEBUG org.springframework.test.context.BootstrapUtils - Instantiating CacheAwareContextLoaderDelegate from class [org.springframework.test.context.cache.DefaultCacheAwareContextLoaderDelegate]
13:33:15.158 [Test worker] DEBUG org.springframework.test.context.BootstrapUtils - Instantiating BootstrapContext using constructor [public org.springframework.test.context.support.DefaultBootstrapContext(java.lang.Class,org.springframework.test.context.CacheAwareContextLoaderDelegate)]
13:33:15.287 [Test worker] DEBUG org.springframework.test.context.BootstrapUtils - Instantiating TestContextBootstrapper for test class [com.example.api.ApiApplicationTests] from class [org.springframework.boot.test.context.SpringBootTestContextBootstrapper]
13:33:15.353 [Test worker] INFO org.springframework.boot.test.context.SpringBootTestContextBootstrapper - Neither @ContextConfiguration nor @ContextHierarchy found for test class [com.example.api.ApiApplicationTests], using SpringBootContextLoader
13:33:15.374 [Test worker] DEBUG org.springframework.test.context.support.AbstractContextLoader - Did not detect default resource location for test class [com.example.api.ApiApplicationTests]: class path resource [com/example/api/ApiApplicationTests-context.xml] does not exist
13:33:15.377 [Test worker] DEBUG org.springframework.test.context.support.AbstractContextLoader - Did not detect default resource location for test class [com.example.api.ApiApplicationTests]: class path resource [com/example/api/ApiApplicationTestsContext.groovy] does not exist
13:33:15.377 [Test worker] INFO org.springframework.test.context.support.AbstractContextLoader - Could not detect default resource locations for test class [com.example.api.ApiApplicationTests]: no resource found for suffixes {-context.xml, Context.groovy}.
13:33:15.379 [Test worker] INFO org.springframework.test.context.support.AnnotationConfigContextLoaderUtils - Could not detect default configuration classes for test class [com.example.api.ApiApplicationTests]: ApiApplicationTests does not declare any static, non-private, non-final, nested classes annotated with @Configuration.
13:33:15.555 [Test worker] DEBUG org.springframework.test.context.support.ActiveProfilesUtils - Could not find an 'annotation declaring class' for annotation type [org.springframework.test.context.ActiveProfiles] and class [com.example.api.ApiApplicationTests]
13:33:15.783 [Test worker] DEBUG org.springframework.context.annotation.ClassPathScanningCandidateComponentProvider - Identified candidate component class: file [/srv/build/classes/java/main/com/example/api/ApiApplication.class]
13:33:15.786 [Test worker] INFO org.springframework.boot.test.context.SpringBootTestContextBootstrapper - Found @SpringBootConfiguration com.example.api.ApiApplication for test class com.example.api.ApiApplicationTests
13:33:16.290 [Test worker] DEBUG org.springframework.boot.test.context.SpringBootTestContextBootstrapper - @TestExecutionListeners is not present for class [com.example.api.ApiApplicationTests]: using defaults.
13:33:16.292 [Test worker] INFO org.springframework.boot.test.context.SpringBootTestContextBootstrapper - Loaded default TestExecutionListener class names from location [META-INF/spring.factories]: [org.springframework.boot.test.autoconfigure.restdocs.RestDocsTestExecutionListener, org.springframework.boot.test.autoconfigure.web.client.MockRestServiceServerResetTestExecutionListener, org.springframework.boot.test.autoconfigure.web.servlet.MockMvcPrintOnlyOnFailureTestExecutionListener, org.springframework.boot.test.autoconfigure.web.servlet.WebDriverTestExecutionListener, org.springframework.boot.test.autoconfigure.webservices.client.MockWebServiceServerTestExecutionListener, org.springframework.boot.test.mock.mockito.MockitoTestExecutionListener, org.springframework.boot.test.mock.mockito.ResetMocksTestExecutionListener, org.springframework.test.context.web.ServletTestExecutionListener, org.springframework.test.context.support.DirtiesContextBeforeModesTestExecutionListener, org.springframework.test.context.event.ApplicationEventsTestExecutionListener, org.springframework.test.context.support.DependencyInjectionTestExecutionListener, org.springframework.test.context.support.DirtiesContextTestExecutionListener, org.springframework.test.context.transaction.TransactionalTestExecutionListener, org.springframework.test.context.jdbc.SqlScriptsTestExecutionListener, org.springframework.test.context.event.EventPublishingTestExecutionListener]
13:33:16.359 [Test worker] DEBUG org.springframework.boot.test.context.SpringBootTestContextBootstrapper - Skipping candidate TestExecutionListener [org.springframework.test.context.transaction.TransactionalTestExecutionListener] due to a missing dependency. Specify custom listener classes or make the default listener classes and their required dependencies available. Offending class: [org/springframework/transaction/interceptor/TransactionAttributeSource]
13:33:16.361 [Test worker] DEBUG org.springframework.boot.test.context.SpringBootTestContextBootstrapper - Skipping candidate TestExecutionListener [org.springframework.test.context.jdbc.SqlScriptsTestExecutionListener] due to a missing dependency. Specify custom listener classes or make the default listener classes and their required dependencies available. Offending class: [org/springframework/transaction/interceptor/TransactionAttribute]
13:33:16.361 [Test worker] INFO org.springframework.boot.test.context.SpringBootTestContextBootstrapper - Using TestExecutionListeners: [org.springframework.test.context.web.ServletTestExecutionListener@565b064f, org.springframework.test.context.support.DirtiesContextBeforeModesTestExecutionListener@26425897, org.springframework.test.context.event.ApplicationEventsTestExecutionListener@73163d48, org.springframework.boot.test.mock.mockito.MockitoTestExecutionListener@58c34bb3, org.springframework.boot.test.autoconfigure.SpringBootDependencyInjectionTestExecutionListener@56a4479a, org.springframework.test.context.support.DirtiesContextTestExecutionListener@62163b39, org.springframework.test.context.event.EventPublishingTestExecutionListener@20a8a64e, org.springframework.boot.test.autoconfigure.restdocs.RestDocsTestExecutionListener@62f4ff3b, org.springframework.boot.test.autoconfigure.web.client.MockRestServiceServerResetTestExecutionListener@1698fc68, org.springframework.boot.test.autoconfigure.web.servlet.MockMvcPrintOnlyOnFailureTestExecutionListener@4504d271, org.springframework.boot.test.autoconfigure.web.servlet.WebDriverTestExecutionListener@207b8649, org.springframework.boot.test.autoconfigure.webservices.client.MockWebServiceServerTestExecutionListener@65b3a85a, org.springframework.boot.test.mock.mockito.ResetMocksTestExecutionListener@34997338]
13:33:16.381 [Test worker] DEBUG org.springframework.test.context.support.AbstractDirtiesContextTestExecutionListener - Before test class: context [DefaultTestContext@30bcf3c1 testClass = ApiApplicationTests, testInstance = [null], testMethod = [null], testException = [null], mergedContextConfiguration = [WebMergedContextConfiguration@2a3c96e3 testClass = ApiApplicationTests, locations = '{}', classes = '{class com.example.api.ApiApplication}', contextInitializerClasses = '[]', activeProfiles = '{}', propertySourceLocations = '{}', propertySourceProperties = '{org.springframework.boot.test.context.SpringBootTestContextBootstrapper=true}', contextCustomizers = set[org.springframework.boot.test.autoconfigure.actuate.metrics.MetricsExportContextCustomizerFactory$DisableMetricExportContextCustomizer@20435c40, org.springframework.boot.test.autoconfigure.properties.PropertyMappingContextCustomizer@0, org.springframework.boot.test.autoconfigure.web.servlet.WebDriverContextCustomizerFactory$Customizer@455b6df1, org.springframework.boot.test.context.filter.ExcludeFilterContextCustomizer@14bee915, org.springframework.boot.test.json.DuplicateJsonObjectContextCustomizerFactory$DuplicateJsonObjectContextCustomizer@59e505b2, org.springframework.boot.test.mock.mockito.MockitoContextCustomizer@0, org.springframework.boot.test.web.client.TestRestTemplateContextCustomizer@31add175, org.springframework.boot.test.context.SpringBootTestArgs@1, org.springframework.boot.test.context.SpringBootTestWebEnvironment@70325e14], resourceBasePath = 'src/main/webapp', contextLoader = 'org.springframework.boot.test.context.SpringBootContextLoader', parent = [null]], attributes = map['org.springframework.test.context.web.ServletTestExecutionListener.activateListener' -> true]], class annotated with @DirtiesContext [false] with mode [null].

  .   ____          _            __ _ _
 /\\ / ___'_ __ _ _(_)_ __  __ _ \ \ \ \
( ( )\___ | '_ | '_| | '_ \/ _` | \ \ \ \
 \\/  ___)| |_)| | | | | || (_| |  ) ) ) )
  '  |____| .__|_| |_|_| |_\__, | / / / /
 =========|_|==============|___/=/_/_/_/
 :: Spring Boot ::                (v2.6.6)

2022-04-14 13:33:17.620  INFO 833 --- [    Test worker] com.example.api.ApiApplicationTests      : Starting ApiApplicationTests using Java 17.0.2 on 7047912bf88a with PID 833 (started by root in /srv)
2022-04-14 13:33:17.628  INFO 833 --- [    Test worker] com.example.api.ApiApplicationTests      : No active profile set, falling back to 1 default profile: "default"
2022-04-14 13:33:23.540  INFO 833 --- [    Test worker] com.example.api.ApiApplicationTests      : Started ApiApplicationTests in 6.975 seconds (JVM running for 9.703)
]]></system-out>
  <system-err><![CDATA[]]></system-err>
</testsuite>
